TN:
SF:C:\Users\Artur_Dubrovin\projects\browser-detection\spec\browser-detection.spec.js
FN:1,(anonymous_0)
FN:5,(anonymous_1)
FN:70,(anonymous_2)
FN:74,(anonymous_3)
FN:77,(anonymous_4)
FNF:5
FNH:5
FNDA:1,(anonymous_0)
FNDA:1,(anonymous_1)
FNDA:1,(anonymous_2)
FNDA:1,(anonymous_3)
FNDA:1,(anonymous_4)
DA:1,1
DA:3,1
DA:5,1
DA:6,1
DA:39,1
DA:44,1
DA:49,1
DA:54,1
DA:59,1
DA:64,1
DA:70,1
DA:71,1
DA:74,1
DA:77,1
DA:78,1
DA:85,1
DA:89,1
DA:91,1
DA:95,1
DA:97,1
DA:101,1
DA:103,1
DA:107,1
DA:109,1
DA:113,1
LF:25
LH:25
BRF:0
BRH:0
end_of_record
TN:
SF:C:\Users\Artur_Dubrovin\projects\browser-detection\src\browser-detection.js
FN:6,detectBrowser
FN:61,browserIsDeprecated
FNF:2
FNH:2
FNDA:7,detectBrowser
FNDA:5,browserIsDeprecated
DA:7,7
DA:8,7
DA:9,1
DA:12,6
DA:16,6
DA:17,1
DA:18,1
DA:24,5
DA:25,3
DA:26,3
DA:27,2
DA:34,3
DA:37,3
DA:38,1
DA:40,3
DA:46,1
DA:63,5
DA:65,5
DA:66,5
DA:68,0
DA:73,1
DA:74,1
LF:22
LH:21
BRDA:8,0,0,1
BRDA:8,0,1,6
BRDA:12,1,0,6
BRDA:12,1,1,0
BRDA:16,2,0,1
BRDA:16,2,1,5
BRDA:17,3,0,1
BRDA:17,3,1,0
BRDA:20,4,0,1
BRDA:20,4,1,0
BRDA:24,5,0,3
BRDA:24,5,1,2
BRDA:26,6,0,2
BRDA:26,6,1,1
BRDA:34,7,0,3
BRDA:34,7,1,0
BRDA:37,8,0,1
BRDA:37,8,1,2
BRDA:62,9,0,0
BRDA:65,10,0,5
BRDA:65,10,1,0
BRDA:73,11,0,1
BRDA:73,11,1,0
BRDA:73,12,0,1
BRDA:73,12,1,1
BRF:25
BRH:18
end_of_record
