TN:
SF:C:\Users\Artur_Dubrovin\projects\browser-detection\spec\browser-detection.spec.js
FN:1,(anonymous_0)
FN:5,(anonymous_1)
FN:63,(anonymous_2)
FNF:3
FNH:3
FNDA:1,(anonymous_0)
FNDA:1,(anonymous_1)
FNDA:1,(anonymous_2)
DA:1,1
DA:3,1
DA:5,1
DA:6,1
DA:32,1
DA:37,1
DA:42,1
DA:47,1
DA:52,1
DA:57,1
DA:63,1
DA:64,1
DA:71,1
DA:75,1
DA:77,1
DA:81,1
DA:83,1
DA:87,1
DA:89,1
DA:93,1
DA:95,1
DA:99,1
LF:22
LH:22
BRF:0
BRH:0
end_of_record
TN:
SF:C:\Users\Artur_Dubrovin\projects\browser-detection\src\browser-detection.js
FN:6,detectBrowser
FN:57,browserIsDeprecated
FNF:2
FNH:2
FNDA:6,detectBrowser
FNDA:5,browserIsDeprecated
DA:8,6
DA:12,6
DA:13,1
DA:14,1
DA:20,5
DA:21,3
DA:22,3
DA:23,2
DA:30,3
DA:33,3
DA:34,1
DA:36,3
DA:42,1
DA:59,5
DA:61,5
DA:62,5
DA:64,0
DA:69,1
DA:70,1
LF:19
LH:18
BRDA:8,0,0,6
BRDA:8,0,1,0
BRDA:12,1,0,1
BRDA:12,1,1,5
BRDA:13,2,0,1
BRDA:13,2,1,0
BRDA:16,3,0,1
BRDA:16,3,1,0
BRDA:20,4,0,3
BRDA:20,4,1,2
BRDA:22,5,0,2
BRDA:22,5,1,1
BRDA:30,6,0,3
BRDA:30,6,1,0
BRDA:33,7,0,1
BRDA:33,7,1,2
BRDA:58,8,0,0
BRDA:61,9,0,5
BRDA:61,9,1,0
BRDA:69,10,0,1
BRDA:69,10,1,0
BRDA:69,11,0,1
BRDA:69,11,1,1
BRF:23
BRH:16
end_of_record
